Connecting to database specified by database.yml
Connecting to database specified by database.yml
Connecting to database specified by database.yml
Connecting to database specified by database.yml
Connecting to database specified by database.yml
Connecting to database specified by database.yml
Connecting to database specified by database.yml
Connecting to database specified by database.yml
  [1m[36m (0.1ms)[0m  [1mselect sqlite_version(*)[0m
  [1m[35m (2.0ms)[0m  CREATE TABLE "schema_migrations" ("version" varchar(255) NOT NULL) 
  [1m[36m (0.0ms)[0m  [1mPRAGMA index_list("schema_migrations")[0m
  [1m[35m (1.2ms)[0m  CREATE UNIQUE INDEX "unique_schema_migrations" ON "schema_migrations" ("version")
  [1m[36m (0.1ms)[0m  [1mSELECT "schema_migrations"."version" FROM "schema_migrations" [0m
Migrating to CreateCounties (20121103213159)
  [1m[35m (0.0ms)[0m  begin transaction
  [1m[36m (0.4ms)[0m  [1mCREATE TABLE "counties" ("id" INTEGER PRIMARY KEY AUTOINCREMENT NOT NULL, "name" varchar(255) NOT NULL) [0m
  [1m[35m (0.1ms)[0m  INSERT INTO "schema_migrations" ("version") VALUES ('20121103213159')
  [1m[36m (1.2ms)[0m  [1mcommit transaction[0m
Migrating to CreateZipcodes (20121103213806)
  [1m[35m (0.0ms)[0m  begin transaction
  [1m[36m (0.4ms)[0m  [1mCREATE TABLE "zipcodes" ("id" INTEGER PRIMARY KEY AUTOINCREMENT NOT NULL, "code" varchar(255) NOT NULL, "location_id" integer NOT NULL) [0m
  [1m[35m (0.1ms)[0m  INSERT INTO "schema_migrations" ("version") VALUES ('20121103213806')
  [1m[36m (1.0ms)[0m  [1mcommit transaction[0m
Migrating to CreateLocations (20121103214110)
  [1m[35m (0.0ms)[0m  begin transaction
  [1m[36m (0.3ms)[0m  [1mCREATE TABLE "locations" ("id" INTEGER PRIMARY KEY AUTOINCREMENT NOT NULL, "city" varchar(255) NOT NULL, "state" varchar(255) NOT NULL, "county_id" integer NOT NULL) [0m
  [1m[35m (0.2ms)[0m  INSERT INTO "schema_migrations" ("version") VALUES ('20121103214110')
  [1m[36m (1.0ms)[0m  [1mcommit transaction[0m
Migrating to CreateAlerts (20121103214954)
  [1m[35m (0.0ms)[0m  begin transaction
  [1m[36m (0.3ms)[0m  [1mCREATE TABLE "alerts" ("id" INTEGER PRIMARY KEY AUTOINCREMENT NOT NULL, "type" varchar(255) NOT NULL, "content" varchar(255) NOT NULL, "location_id" integer NOT NULL) [0m
  [1m[35m (0.1ms)[0m  INSERT INTO "schema_migrations" ("version") VALUES ('20121103214954')
  [1m[36m (1.0ms)[0m  [1mcommit transaction[0m
Migrating to CreateShelters (20121103215440)
  [1m[35m (0.0ms)[0m  begin transaction
  [1m[36m (0.2ms)[0m  [1mCREATE TABLE "shelters" ("id" INTEGER PRIMARY KEY AUTOINCREMENT NOT NULL, "name" varchar(255) NOT NULL, "location_id" integer NOT NULL) [0m
  [1m[35m (0.1ms)[0m  INSERT INTO "schema_migrations" ("version") VALUES ('20121103215440')
  [1m[36m (1.1ms)[0m  [1mcommit transaction[0m
Migrating to CreateContacts (20121103215711)
  [1m[35m (0.0ms)[0m  begin transaction
  [1m[36m (0.3ms)[0m  [1mCREATE TABLE "contacts" ("id" INTEGER PRIMARY KEY AUTOINCREMENT NOT NULL, "name" varchar(255) NOT NULL, "type" varchar(255) NOT NULL, "address" varchar(255) NOT NULL, "city" varchar(255) NOT NULL, "state" varchar(255) NOT NULL, "phone" varchar(255) NOT NULL, "zip" varchar(255) NOT NULL, "location_id" integer NOT NULL) [0m
  [1m[35m (0.1ms)[0m  INSERT INTO "schema_migrations" ("version") VALUES ('20121103215711')
  [1m[36m (1.0ms)[0m  [1mcommit transaction[0m
  [1m[35m (0.3ms)[0m  select sqlite_version(*)
  [1m[36m (0.1ms)[0m  [1mSELECT "schema_migrations"."version" FROM "schema_migrations" [0m
  [1m[35m (0.0ms)[0m  PRAGMA index_list("alerts")
  [1m[36m (0.0ms)[0m  [1mPRAGMA index_list("contacts")[0m
  [1m[35m (0.0ms)[0m  PRAGMA index_list("counties")
  [1m[36m (0.0ms)[0m  [1mPRAGMA index_list("locations")[0m
  [1m[35m (0.0ms)[0m  PRAGMA index_list("shelters")
  [1m[36m (0.0ms)[0m  [1mPRAGMA index_list("zipcodes")[0m
Connecting to database specified by database.yml
  [1m[36m (101.0ms)[0m  [1mCREATE TABLE `schema_migrations` (`version` varchar(255) NOT NULL) ENGINE=InnoDB[0m
  [1m[35m (189.2ms)[0m  CREATE UNIQUE INDEX `unique_schema_migrations` ON `schema_migrations` (`version`)
  [1m[36m (1.7ms)[0m  [1mSELECT `schema_migrations`.`version` FROM `schema_migrations` [0m
Migrating to CreateCounties (20121103213159)
  [1m[35m (109.4ms)[0m  CREATE TABLE `counties` (`id` int(11) DEFAULT NULL auto_increment PRIMARY KEY, `name` varchar(255) NOT NULL, `fip` varchar(255) NOT NULL) ENGINE=InnoDB
  [1m[36m (0.7ms)[0m  [1mINSERT INTO `schema_migrations` (`version`) VALUES ('20121103213159')[0m
Migrating to CreateZipcodes (20121103213806)
  [1m[35m (97.1ms)[0m  CREATE TABLE `zipcodes` (`id` int(11) DEFAULT NULL auto_increment PRIMARY KEY, `code` varchar(255) NOT NULL, `location_id` int(11) NOT NULL) ENGINE=InnoDB
  [1m[36m (0.5ms)[0m  [1mINSERT INTO `schema_migrations` (`version`) VALUES ('20121103213806')[0m
Migrating to CreateLocations (20121103214110)
  [1m[35m (97.4ms)[0m  CREATE TABLE `locations` (`id` int(11) DEFAULT NULL auto_increment PRIMARY KEY, `city` varchar(255) NOT NULL, `state` varchar(255) NOT NULL, `county_id` int(11) NOT NULL) ENGINE=InnoDB
  [1m[36m (0.4ms)[0m  [1mINSERT INTO `schema_migrations` (`version`) VALUES ('20121103214110')[0m
Migrating to CreateAlerts (20121103214954)
  [1m[35m (76.1ms)[0m  CREATE TABLE `alerts` (`id` int(11) DEFAULT NULL auto_increment PRIMARY KEY, `type` varchar(255) NOT NULL, `content` varchar(255) NOT NULL, `location_id` int(11) NOT NULL) ENGINE=InnoDB
  [1m[36m (0.4ms)[0m  [1mINSERT INTO `schema_migrations` (`version`) VALUES ('20121103214954')[0m
Migrating to CreateShelters (20121103215440)
  [1m[35m (109.3ms)[0m  CREATE TABLE `shelters` (`id` int(11) DEFAULT NULL auto_increment PRIMARY KEY, `name` varchar(255) NOT NULL, `location_id` int(11) NOT NULL) ENGINE=InnoDB
  [1m[36m (0.4ms)[0m  [1mINSERT INTO `schema_migrations` (`version`) VALUES ('20121103215440')[0m
Migrating to CreateContacts (20121103215711)
  [1m[35m (87.2ms)[0m  CREATE TABLE `contacts` (`id` int(11) DEFAULT NULL auto_increment PRIMARY KEY, `name` varchar(255) NOT NULL, `type` varchar(255) NOT NULL, `address` varchar(255) NOT NULL, `city` varchar(255) NOT NULL, `state` varchar(255) NOT NULL, `phone` varchar(255) NOT NULL, `zip` varchar(255) NOT NULL, `location_id` int(11) NOT NULL) ENGINE=InnoDB
  [1m[36m (0.4ms)[0m  [1mINSERT INTO `schema_migrations` (`version`) VALUES ('20121103215711')[0m
  [1m[35m (0.4ms)[0m  SELECT `schema_migrations`.`version` FROM `schema_migrations` 
